{"D:\\js\\ToDo_with_filters\\src\\App.tsx": {"path":"D:\\js\\ToDo_with_filters\\src\\App.tsx","all":false,"statementMap":{"0":{"start":{"line":1,"column":0},"end":{"line":1,"column":54}},"1":{"start":{"line":2,"column":0},"end":{"line":2,"column":45}},"2":{"start":{"line":3,"column":0},"end":{"line":3,"column":51}},"3":{"start":{"line":4,"column":0},"end":{"line":4,"column":49}},"4":{"start":{"line":5,"column":0},"end":{"line":5,"column":50}},"5":{"start":{"line":6,"column":0},"end":{"line":6,"column":79}},"7":{"start":{"line":8,"column":0},"end":{"line":8,"column":16}},"8":{"start":{"line":9,"column":0},"end":{"line":9,"column":58}},"10":{"start":{"line":11,"column":0},"end":{"line":11,"column":10}},"11":{"start":{"line":12,"column":0},"end":{"line":12,"column":9}},"12":{"start":{"line":13,"column":0},"end":{"line":13,"column":15}},"13":{"start":{"line":14,"column":0},"end":{"line":14,"column":17}},"14":{"start":{"line":15,"column":0},"end":{"line":15,"column":24}},"15":{"start":{"line":16,"column":0},"end":{"line":16,"column":25}},"16":{"start":{"line":17,"column":0},"end":{"line":17,"column":14}},"17":{"start":{"line":18,"column":0},"end":{"line":18,"column":27}},"18":{"start":{"line":19,"column":0},"end":{"line":19,"column":8}},"20":{"start":{"line":21,"column":0},"end":{"line":21,"column":10}},"21":{"start":{"line":22,"column":0},"end":{"line":22,"column":13}},"22":{"start":{"line":23,"column":0},"end":{"line":23,"column":14}},"23":{"start":{"line":24,"column":0},"end":{"line":24,"column":16}},"24":{"start":{"line":25,"column":0},"end":{"line":25,"column":29}},"25":{"start":{"line":26,"column":0},"end":{"line":26,"column":34}},"26":{"start":{"line":27,"column":0},"end":{"line":27,"column":37}},"27":{"start":{"line":28,"column":0},"end":{"line":28,"column":30}},"28":{"start":{"line":29,"column":0},"end":{"line":29,"column":10}},"30":{"start":{"line":31,"column":0},"end":{"line":31,"column":74}},"32":{"start":{"line":33,"column":0},"end":{"line":33,"column":21}},"33":{"start":{"line":34,"column":0},"end":{"line":34,"column":18}},"34":{"start":{"line":35,"column":0},"end":{"line":35,"column":21}},"35":{"start":{"line":36,"column":0},"end":{"line":36,"column":47}},"36":{"start":{"line":37,"column":0},"end":{"line":37,"column":47}},"37":{"start":{"line":38,"column":0},"end":{"line":38,"column":21}},"38":{"start":{"line":39,"column":0},"end":{"line":39,"column":20}},"39":{"start":{"line":40,"column":0},"end":{"line":40,"column":12}},"40":{"start":{"line":41,"column":0},"end":{"line":41,"column":11}},"42":{"start":{"line":43,"column":0},"end":{"line":43,"column":1}},"44":{"start":{"line":45,"column":0},"end":{"line":45,"column":19}}},"s":{"0":1,"1":1,"2":1,"3":1,"4":1,"5":1,"7":14,"8":14,"10":14,"11":14,"12":14,"13":14,"14":14,"15":14,"16":14,"17":14,"18":14,"20":14,"21":14,"22":14,"23":14,"24":14,"25":14,"26":14,"27":14,"28":14,"30":14,"32":14,"33":14,"34":14,"35":14,"36":14,"37":14,"38":14,"39":14,"40":14,"42":14,"44":1},"branchMap":{"0":{"type":"branch","line":8,"loc":{"start":{"line":8,"column":0},"end":{"line":43,"column":1}},"locations":[{"start":{"line":8,"column":0},"end":{"line":43,"column":1}}]}},"b":{"0":[14]},"fnMap":{"0":{"name":"App","decl":{"start":{"line":8,"column":0},"end":{"line":43,"column":1}},"loc":{"start":{"line":8,"column":0},"end":{"line":43,"column":1}},"line":8}},"f":{"0":14}}
,"D:\\js\\ToDo_with_filters\\src\\components\\Filter.tsx": {"path":"D:\\js\\ToDo_with_filters\\src\\components\\Filter.tsx","all":false,"statementMap":{"0":{"start":{"line":1,"column":0},"end":{"line":1,"column":66}},"1":{"start":{"line":2,"column":0},"end":{"line":2,"column":46}},"2":{"start":{"line":3,"column":0},"end":{"line":3,"column":8}},"8":{"start":{"line":9,"column":0},"end":{"line":9,"column":40}},"9":{"start":{"line":10,"column":0},"end":{"line":10,"column":48}},"10":{"start":{"line":11,"column":0},"end":{"line":11,"column":39}},"12":{"start":{"line":13,"column":0},"end":{"line":13,"column":22}},"13":{"start":{"line":14,"column":0},"end":{"line":14,"column":36}},"14":{"start":{"line":15,"column":0},"end":{"line":15,"column":44}},"16":{"start":{"line":17,"column":0},"end":{"line":17,"column":39}},"17":{"start":{"line":18,"column":0},"end":{"line":18,"column":43}},"18":{"start":{"line":19,"column":0},"end":{"line":19,"column":5}},"20":{"start":{"line":21,"column":0},"end":{"line":21,"column":52}},"21":{"start":{"line":22,"column":0},"end":{"line":22,"column":28}},"22":{"start":{"line":23,"column":0},"end":{"line":23,"column":4}},"24":{"start":{"line":25,"column":0},"end":{"line":25,"column":10}},"25":{"start":{"line":26,"column":0},"end":{"line":26,"column":10}},"26":{"start":{"line":27,"column":0},"end":{"line":27,"column":22}},"27":{"start":{"line":28,"column":0},"end":{"line":28,"column":11}},"28":{"start":{"line":29,"column":0},"end":{"line":29,"column":16}},"29":{"start":{"line":30,"column":0},"end":{"line":30,"column":19}},"30":{"start":{"line":31,"column":0},"end":{"line":31,"column":14}},"31":{"start":{"line":32,"column":0},"end":{"line":32,"column":8}},"33":{"start":{"line":34,"column":0},"end":{"line":34,"column":16}},"34":{"start":{"line":35,"column":0},"end":{"line":35,"column":31}},"35":{"start":{"line":36,"column":0},"end":{"line":36,"column":34}},"36":{"start":{"line":37,"column":0},"end":{"line":37,"column":27}},"37":{"start":{"line":38,"column":0},"end":{"line":38,"column":17}},"38":{"start":{"line":39,"column":0},"end":{"line":39,"column":28}},"39":{"start":{"line":40,"column":0},"end":{"line":40,"column":8}},"40":{"start":{"line":41,"column":0},"end":{"line":41,"column":13}},"41":{"start":{"line":42,"column":0},"end":{"line":42,"column":54}},"42":{"start":{"line":43,"column":0},"end":{"line":43,"column":37}},"43":{"start":{"line":44,"column":0},"end":{"line":44,"column":25}},"44":{"start":{"line":45,"column":0},"end":{"line":45,"column":7}},"46":{"start":{"line":47,"column":0},"end":{"line":47,"column":15}},"47":{"start":{"line":48,"column":0},"end":{"line":48,"column":13}},"48":{"start":{"line":49,"column":0},"end":{"line":49,"column":57}},"49":{"start":{"line":50,"column":0},"end":{"line":50,"column":40}},"50":{"start":{"line":51,"column":0},"end":{"line":51,"column":28}},"51":{"start":{"line":52,"column":0},"end":{"line":52,"column":7}},"53":{"start":{"line":54,"column":0},"end":{"line":54,"column":15}},"54":{"start":{"line":55,"column":0},"end":{"line":55,"column":13}},"55":{"start":{"line":56,"column":0},"end":{"line":56,"column":60}},"56":{"start":{"line":57,"column":0},"end":{"line":57,"column":43}},"57":{"start":{"line":58,"column":0},"end":{"line":58,"column":31}},"58":{"start":{"line":59,"column":0},"end":{"line":59,"column":7}},"60":{"start":{"line":61,"column":0},"end":{"line":61,"column":15}},"61":{"start":{"line":62,"column":0},"end":{"line":62,"column":12}},"63":{"start":{"line":64,"column":0},"end":{"line":64,"column":2}},"64":{"start":{"line":65,"column":0},"end":{"line":65,"column":22}}},"s":{"0":1,"1":1,"2":1,"8":1,"9":1,"10":1,"12":1,"13":18,"14":18,"16":18,"17":1,"18":18,"20":18,"21":4,"22":4,"24":18,"25":18,"26":18,"27":18,"28":18,"29":18,"30":18,"31":18,"33":18,"34":18,"35":18,"36":18,"37":18,"38":18,"39":18,"40":18,"41":18,"42":18,"43":18,"44":18,"46":18,"47":18,"48":18,"49":18,"50":18,"51":18,"53":18,"54":18,"55":18,"56":18,"57":18,"58":18,"60":18,"61":18,"63":18,"64":1},"branchMap":{"0":{"type":"branch","line":13,"loc":{"start":{"line":13,"column":15},"end":{"line":64,"column":2}},"locations":[{"start":{"line":13,"column":15},"end":{"line":64,"column":2}}]},"1":{"type":"branch","line":42,"loc":{"start":{"line":42,"column":24},"end":{"line":42,"column":44}},"locations":[{"start":{"line":42,"column":24},"end":{"line":42,"column":44}}]},"2":{"type":"branch","line":42,"loc":{"start":{"line":42,"column":32},"end":{"line":42,"column":54}},"locations":[{"start":{"line":42,"column":32},"end":{"line":42,"column":54}}]},"3":{"type":"branch","line":49,"loc":{"start":{"line":49,"column":24},"end":{"line":49,"column":47}},"locations":[{"start":{"line":49,"column":24},"end":{"line":49,"column":47}}]},"4":{"type":"branch","line":49,"loc":{"start":{"line":49,"column":35},"end":{"line":49,"column":57}},"locations":[{"start":{"line":49,"column":35},"end":{"line":49,"column":57}}]},"5":{"type":"branch","line":56,"loc":{"start":{"line":56,"column":24},"end":{"line":56,"column":50}},"locations":[{"start":{"line":56,"column":24},"end":{"line":56,"column":50}}]},"6":{"type":"branch","line":56,"loc":{"start":{"line":56,"column":38},"end":{"line":56,"column":60}},"locations":[{"start":{"line":56,"column":38},"end":{"line":56,"column":60}}]},"7":{"type":"branch","line":17,"loc":{"start":{"line":17,"column":28},"end":{"line":19,"column":3}},"locations":[{"start":{"line":17,"column":28},"end":{"line":19,"column":3}}]},"8":{"type":"branch","line":21,"loc":{"start":{"line":21,"column":23},"end":{"line":23,"column":4}},"locations":[{"start":{"line":21,"column":23},"end":{"line":23,"column":4}}]},"9":{"type":"branch","line":21,"loc":{"start":{"line":21,"column":45},"end":{"line":23,"column":4}},"locations":[{"start":{"line":21,"column":45},"end":{"line":23,"column":4}}]}},"b":{"0":[18],"1":[16],"2":[2],"3":[1],"4":[17],"5":[1],"6":[17],"7":[1],"8":[54],"9":[4]},"fnMap":{"0":{"name":"Filter","decl":{"start":{"line":13,"column":15},"end":{"line":64,"column":2}},"loc":{"start":{"line":13,"column":15},"end":{"line":64,"column":2}},"line":13},"1":{"name":"onSelectType","decl":{"start":{"line":21,"column":23},"end":{"line":23,"column":4}},"loc":{"start":{"line":21,"column":23},"end":{"line":23,"column":4}},"line":21}},"f":{"0":18,"1":54}}
,"D:\\js\\ToDo_with_filters\\src\\components\\ToDoInput.tsx": {"path":"D:\\js\\ToDo_with_filters\\src\\components\\ToDoInput.tsx","all":false,"statementMap":{"0":{"start":{"line":1,"column":0},"end":{"line":1,"column":59}},"2":{"start":{"line":3,"column":0},"end":{"line":3,"column":50}},"3":{"start":{"line":4,"column":0},"end":{"line":4,"column":47}},"4":{"start":{"line":5,"column":0},"end":{"line":5,"column":40}},"5":{"start":{"line":6,"column":0},"end":{"line":6,"column":48}},"6":{"start":{"line":7,"column":0},"end":{"line":7,"column":50}},"7":{"start":{"line":8,"column":0},"end":{"line":8,"column":66}},"8":{"start":{"line":9,"column":0},"end":{"line":9,"column":62}},"9":{"start":{"line":10,"column":0},"end":{"line":10,"column":64}},"11":{"start":{"line":12,"column":0},"end":{"line":12,"column":39}},"12":{"start":{"line":13,"column":0},"end":{"line":13,"column":18}},"13":{"start":{"line":14,"column":0},"end":{"line":14,"column":16}},"14":{"start":{"line":15,"column":0},"end":{"line":15,"column":8}},"15":{"start":{"line":16,"column":0},"end":{"line":16,"column":7}},"16":{"start":{"line":17,"column":0},"end":{"line":17,"column":45}},"17":{"start":{"line":18,"column":0},"end":{"line":18,"column":36}},"19":{"start":{"line":20,"column":0},"end":{"line":20,"column":19}},"20":{"start":{"line":21,"column":0},"end":{"line":21,"column":31}},"21":{"start":{"line":22,"column":0},"end":{"line":22,"column":32}},"22":{"start":{"line":23,"column":0},"end":{"line":23,"column":5}},"23":{"start":{"line":24,"column":0},"end":{"line":24,"column":9}},"25":{"start":{"line":26,"column":0},"end":{"line":26,"column":40}},"26":{"start":{"line":27,"column":0},"end":{"line":27,"column":22}},"27":{"start":{"line":28,"column":0},"end":{"line":28,"column":29}},"28":{"start":{"line":29,"column":0},"end":{"line":29,"column":5}},"29":{"start":{"line":30,"column":0},"end":{"line":30,"column":9}},"31":{"start":{"line":32,"column":0},"end":{"line":32,"column":38}},"32":{"start":{"line":33,"column":0},"end":{"line":33,"column":16}},"33":{"start":{"line":34,"column":0},"end":{"line":34,"column":71}},"34":{"start":{"line":35,"column":0},"end":{"line":35,"column":5}},"35":{"start":{"line":36,"column":0},"end":{"line":36,"column":4}},"37":{"start":{"line":38,"column":0},"end":{"line":38,"column":28}},"38":{"start":{"line":39,"column":0},"end":{"line":39,"column":41}},"39":{"start":{"line":40,"column":0},"end":{"line":40,"column":41}},"40":{"start":{"line":41,"column":0},"end":{"line":41,"column":5}},"41":{"start":{"line":42,"column":0},"end":{"line":42,"column":32}},"42":{"start":{"line":43,"column":0},"end":{"line":43,"column":33}},"43":{"start":{"line":44,"column":0},"end":{"line":44,"column":19}},"44":{"start":{"line":45,"column":0},"end":{"line":45,"column":5}},"45":{"start":{"line":46,"column":0},"end":{"line":46,"column":4}},"47":{"start":{"line":48,"column":0},"end":{"line":48,"column":10}},"48":{"start":{"line":49,"column":0},"end":{"line":49,"column":10}},"49":{"start":{"line":50,"column":0},"end":{"line":50,"column":11}},"50":{"start":{"line":51,"column":0},"end":{"line":51,"column":16}},"51":{"start":{"line":52,"column":0},"end":{"line":52,"column":14}},"52":{"start":{"line":53,"column":0},"end":{"line":53,"column":24}},"53":{"start":{"line":54,"column":0},"end":{"line":54,"column":19}},"54":{"start":{"line":55,"column":0},"end":{"line":55,"column":8}},"56":{"start":{"line":57,"column":0},"end":{"line":57,"column":16}},"57":{"start":{"line":58,"column":0},"end":{"line":58,"column":31}},"58":{"start":{"line":59,"column":0},"end":{"line":59,"column":26}},"59":{"start":{"line":60,"column":0},"end":{"line":60,"column":17}},"60":{"start":{"line":61,"column":0},"end":{"line":61,"column":27}},"61":{"start":{"line":62,"column":0},"end":{"line":62,"column":34}},"62":{"start":{"line":63,"column":0},"end":{"line":63,"column":31}},"63":{"start":{"line":64,"column":0},"end":{"line":64,"column":25}},"64":{"start":{"line":65,"column":0},"end":{"line":65,"column":11}},"65":{"start":{"line":66,"column":0},"end":{"line":66,"column":10}},"66":{"start":{"line":67,"column":0},"end":{"line":67,"column":22}},"67":{"start":{"line":68,"column":0},"end":{"line":68,"column":31}},"68":{"start":{"line":69,"column":0},"end":{"line":69,"column":8}},"69":{"start":{"line":70,"column":0},"end":{"line":70,"column":17}},"70":{"start":{"line":71,"column":0},"end":{"line":71,"column":21}},"71":{"start":{"line":72,"column":0},"end":{"line":72,"column":23}},"72":{"start":{"line":73,"column":0},"end":{"line":73,"column":24}},"73":{"start":{"line":74,"column":0},"end":{"line":74,"column":23}},"74":{"start":{"line":75,"column":0},"end":{"line":75,"column":10}},"75":{"start":{"line":76,"column":0},"end":{"line":76,"column":26}},"77":{"start":{"line":78,"column":0},"end":{"line":78,"column":60}},"78":{"start":{"line":79,"column":0},"end":{"line":79,"column":19}},"79":{"start":{"line":80,"column":0},"end":{"line":80,"column":17}},"80":{"start":{"line":81,"column":0},"end":{"line":81,"column":21}},"81":{"start":{"line":82,"column":0},"end":{"line":82,"column":23}},"82":{"start":{"line":83,"column":0},"end":{"line":83,"column":24}},"83":{"start":{"line":84,"column":0},"end":{"line":84,"column":30}},"84":{"start":{"line":85,"column":0},"end":{"line":85,"column":28}},"85":{"start":{"line":86,"column":0},"end":{"line":86,"column":18}},"86":{"start":{"line":87,"column":0},"end":{"line":87,"column":25}},"87":{"start":{"line":88,"column":0},"end":{"line":88,"column":11}},"88":{"start":{"line":89,"column":0},"end":{"line":89,"column":10}},"90":{"start":{"line":91,"column":0},"end":{"line":91,"column":29}},"91":{"start":{"line":92,"column":0},"end":{"line":92,"column":19}},"92":{"start":{"line":93,"column":0},"end":{"line":93,"column":12}},"94":{"start":{"line":95,"column":0},"end":{"line":95,"column":2}},"96":{"start":{"line":97,"column":0},"end":{"line":97,"column":25}}},"s":{"0":1,"2":1,"3":1,"4":1,"5":1,"6":1,"7":1,"8":1,"9":1,"11":1,"12":15,"13":15,"14":15,"15":15,"16":15,"17":15,"19":15,"20":5,"21":1,"22":1,"23":15,"25":15,"26":7,"27":7,"28":7,"29":15,"31":15,"32":7,"33":7,"34":7,"35":7,"37":15,"38":7,"39":0,"40":0,"41":7,"42":7,"43":7,"44":7,"45":7,"47":15,"48":15,"49":15,"50":15,"51":15,"52":15,"53":15,"54":15,"56":15,"57":15,"58":15,"59":15,"60":15,"61":42,"62":0,"63":0,"64":0,"65":42,"66":15,"67":15,"68":15,"69":15,"70":15,"71":15,"72":15,"73":7,"74":7,"75":15,"77":15,"78":15,"79":15,"80":15,"81":15,"82":15,"83":0,"84":0,"85":0,"86":0,"87":0,"88":0,"90":15,"91":15,"92":15,"94":15,"96":1},"branchMap":{"0":{"type":"branch","line":12,"loc":{"start":{"line":12,"column":37},"end":{"line":95,"column":2}},"locations":[{"start":{"line":12,"column":37},"end":{"line":95,"column":2}}]},"1":{"type":"branch","line":78,"loc":{"start":{"line":78,"column":9},"end":{"line":78,"column":40}},"locations":[{"start":{"line":78,"column":9},"end":{"line":78,"column":40}}]},"2":{"type":"branch","line":78,"loc":{"start":{"line":78,"column":35},"end":{"line":78,"column":60}},"locations":[{"start":{"line":78,"column":35},"end":{"line":78,"column":60}}]},"3":{"type":"branch","line":20,"loc":{"start":{"line":20,"column":12},"end":{"line":24,"column":5}},"locations":[{"start":{"line":20,"column":12},"end":{"line":24,"column":5}}]},"4":{"type":"branch","line":21,"loc":{"start":{"line":21,"column":8},"end":{"line":21,"column":30}},"locations":[{"start":{"line":21,"column":8},"end":{"line":21,"column":30}}]},"5":{"type":"branch","line":21,"loc":{"start":{"line":21,"column":30},"end":{"line":23,"column":5}},"locations":[{"start":{"line":21,"column":30},"end":{"line":23,"column":5}}]},"6":{"type":"branch","line":26,"loc":{"start":{"line":26,"column":33},"end":{"line":30,"column":5}},"locations":[{"start":{"line":26,"column":33},"end":{"line":30,"column":5}}]},"7":{"type":"branch","line":32,"loc":{"start":{"line":32,"column":18},"end":{"line":36,"column":4}},"locations":[{"start":{"line":32,"column":18},"end":{"line":36,"column":4}}]},"8":{"type":"branch","line":38,"loc":{"start":{"line":38,"column":21},"end":{"line":46,"column":4}},"locations":[{"start":{"line":38,"column":21},"end":{"line":46,"column":4}}]},"9":{"type":"branch","line":39,"loc":{"start":{"line":39,"column":8},"end":{"line":39,"column":40}},"locations":[{"start":{"line":39,"column":8},"end":{"line":39,"column":40}}]},"10":{"type":"branch","line":39,"loc":{"start":{"line":39,"column":40},"end":{"line":41,"column":5}},"locations":[{"start":{"line":39,"column":40},"end":{"line":41,"column":5}}]},"11":{"type":"branch","line":61,"loc":{"start":{"line":61,"column":19},"end":{"line":66,"column":10}},"locations":[{"start":{"line":61,"column":19},"end":{"line":66,"column":10}}]},"12":{"type":"branch","line":62,"loc":{"start":{"line":62,"column":33},"end":{"line":65,"column":11}},"locations":[{"start":{"line":62,"column":33},"end":{"line":65,"column":11}}]},"13":{"type":"branch","line":73,"loc":{"start":{"line":73,"column":17},"end":{"line":75,"column":10}},"locations":[{"start":{"line":73,"column":17},"end":{"line":75,"column":10}}]}},"b":{"0":[15],"1":[1],"2":[14],"3":[5],"4":[1],"5":[1],"6":[7],"7":[7],"8":[7],"9":[0],"10":[0],"11":[42],"12":[0],"13":[7]},"fnMap":{"0":{"name":"ToDoInput","decl":{"start":{"line":12,"column":37},"end":{"line":95,"column":2}},"loc":{"start":{"line":12,"column":37},"end":{"line":95,"column":2}},"line":12},"1":{"name":"addTodo","decl":{"start":{"line":32,"column":18},"end":{"line":36,"column":4}},"loc":{"start":{"line":32,"column":18},"end":{"line":36,"column":4}},"line":32},"2":{"name":"onClickAdd","decl":{"start":{"line":38,"column":21},"end":{"line":46,"column":4}},"loc":{"start":{"line":38,"column":21},"end":{"line":46,"column":4}},"line":38},"3":{"name":"onKeyDown","decl":{"start":{"line":61,"column":19},"end":{"line":66,"column":10}},"loc":{"start":{"line":61,"column":19},"end":{"line":66,"column":10}},"line":61},"4":{"name":"onClick","decl":{"start":{"line":73,"column":17},"end":{"line":75,"column":10}},"loc":{"start":{"line":73,"column":17},"end":{"line":75,"column":10}},"line":73},"5":{"name":"onClick","decl":{"start":{"line":83,"column":17},"end":{"line":89,"column":10}},"loc":{"start":{"line":83,"column":17},"end":{"line":89,"column":10}},"line":83}},"f":{"0":15,"1":7,"2":7,"3":42,"4":7,"5":0}}
,"D:\\js\\ToDo_with_filters\\src\\components\\ToDoItem.tsx": {"path":"D:\\js\\ToDo_with_filters\\src\\components\\ToDoItem.tsx","all":false,"statementMap":{"0":{"start":{"line":1,"column":0},"end":{"line":1,"column":37}},"2":{"start":{"line":3,"column":0},"end":{"line":3,"column":40}},"3":{"start":{"line":4,"column":0},"end":{"line":4,"column":70}},"4":{"start":{"line":5,"column":0},"end":{"line":5,"column":50}},"5":{"start":{"line":6,"column":0},"end":{"line":6,"column":52}},"6":{"start":{"line":7,"column":0},"end":{"line":7,"column":64}},"8":{"start":{"line":9,"column":0},"end":{"line":9,"column":38}},"9":{"start":{"line":10,"column":0},"end":{"line":10,"column":7}},"10":{"start":{"line":11,"column":0},"end":{"line":11,"column":16}},"11":{"start":{"line":12,"column":0},"end":{"line":12,"column":18}},"12":{"start":{"line":13,"column":0},"end":{"line":13,"column":10}},"13":{"start":{"line":14,"column":0},"end":{"line":14,"column":15}},"14":{"start":{"line":15,"column":0},"end":{"line":15,"column":7}},"15":{"start":{"line":16,"column":0},"end":{"line":16,"column":52}},"17":{"start":{"line":18,"column":0},"end":{"line":18,"column":45}},"18":{"start":{"line":19,"column":0},"end":{"line":19,"column":24}},"19":{"start":{"line":20,"column":0},"end":{"line":20,"column":4}},"21":{"start":{"line":22,"column":0},"end":{"line":22,"column":10}},"22":{"start":{"line":23,"column":0},"end":{"line":23,"column":6}},"23":{"start":{"line":24,"column":0},"end":{"line":24,"column":20}},"24":{"start":{"line":25,"column":0},"end":{"line":25,"column":18}},"25":{"start":{"line":26,"column":0},"end":{"line":26,"column":27}},"26":{"start":{"line":27,"column":0},"end":{"line":27,"column":46}},"27":{"start":{"line":28,"column":0},"end":{"line":28,"column":43}},"28":{"start":{"line":29,"column":0},"end":{"line":29,"column":33}},"29":{"start":{"line":30,"column":0},"end":{"line":30,"column":12}},"30":{"start":{"line":31,"column":0},"end":{"line":31,"column":32}},"31":{"start":{"line":32,"column":0},"end":{"line":32,"column":33}},"32":{"start":{"line":33,"column":0},"end":{"line":33,"column":12}},"33":{"start":{"line":34,"column":0},"end":{"line":34,"column":10}},"35":{"start":{"line":36,"column":0},"end":{"line":36,"column":23}},"36":{"start":{"line":37,"column":0},"end":{"line":37,"column":27}},"37":{"start":{"line":38,"column":0},"end":{"line":38,"column":70}},"38":{"start":{"line":39,"column":0},"end":{"line":39,"column":21}},"39":{"start":{"line":40,"column":0},"end":{"line":40,"column":23}},"40":{"start":{"line":41,"column":0},"end":{"line":41,"column":49}},"41":{"start":{"line":42,"column":0},"end":{"line":42,"column":28}},"42":{"start":{"line":43,"column":0},"end":{"line":43,"column":33}},"43":{"start":{"line":44,"column":0},"end":{"line":44,"column":33}},"44":{"start":{"line":45,"column":0},"end":{"line":45,"column":37}},"45":{"start":{"line":46,"column":0},"end":{"line":46,"column":18}},"46":{"start":{"line":47,"column":0},"end":{"line":47,"column":16}},"48":{"start":{"line":49,"column":0},"end":{"line":49,"column":29}},"49":{"start":{"line":50,"column":0},"end":{"line":50,"column":12}},"50":{"start":{"line":51,"column":0},"end":{"line":51,"column":21}},"51":{"start":{"line":52,"column":0},"end":{"line":52,"column":25}},"52":{"start":{"line":53,"column":0},"end":{"line":53,"column":27}},"53":{"start":{"line":54,"column":0},"end":{"line":54,"column":28}},"54":{"start":{"line":55,"column":0},"end":{"line":55,"column":34}},"55":{"start":{"line":56,"column":0},"end":{"line":56,"column":14}},"56":{"start":{"line":57,"column":0},"end":{"line":57,"column":30}},"58":{"start":{"line":59,"column":0},"end":{"line":59,"column":32}},"59":{"start":{"line":60,"column":0},"end":{"line":60,"column":23}},"60":{"start":{"line":61,"column":0},"end":{"line":61,"column":21}},"61":{"start":{"line":62,"column":0},"end":{"line":62,"column":25}},"62":{"start":{"line":63,"column":0},"end":{"line":63,"column":27}},"63":{"start":{"line":64,"column":0},"end":{"line":64,"column":35}},"64":{"start":{"line":65,"column":0},"end":{"line":65,"column":32}},"66":{"start":{"line":67,"column":0},"end":{"line":67,"column":26}},"67":{"start":{"line":68,"column":0},"end":{"line":68,"column":23}},"68":{"start":{"line":69,"column":0},"end":{"line":69,"column":20}},"70":{"start":{"line":71,"column":0},"end":{"line":71,"column":7}},"72":{"start":{"line":73,"column":0},"end":{"line":73,"column":2}},"74":{"start":{"line":75,"column":0},"end":{"line":75,"column":24}}},"s":{"0":1,"2":1,"3":1,"4":1,"5":1,"6":1,"8":1,"9":46,"10":46,"11":46,"12":46,"13":46,"14":46,"15":46,"17":46,"18":1,"19":1,"21":46,"22":46,"23":46,"24":1,"25":1,"26":1,"27":0,"28":0,"29":0,"30":1,"31":0,"32":0,"33":1,"35":45,"36":45,"37":45,"38":45,"39":45,"40":45,"41":45,"42":45,"43":45,"44":2,"45":2,"46":45,"48":45,"49":45,"50":45,"51":45,"52":45,"53":45,"54":1,"55":1,"56":45,"58":45,"59":45,"60":45,"61":45,"62":45,"63":45,"64":45,"66":45,"67":45,"68":45,"70":46,"72":46,"74":1},"branchMap":{"0":{"type":"branch","line":9,"loc":{"start":{"line":9,"column":36},"end":{"line":73,"column":2}},"locations":[{"start":{"line":9,"column":36},"end":{"line":73,"column":2}}]},"1":{"type":"branch","line":24,"loc":{"start":{"line":24,"column":7},"end":{"line":34,"column":10}},"locations":[{"start":{"line":24,"column":7},"end":{"line":34,"column":10}}]},"2":{"type":"branch","line":34,"loc":{"start":{"line":34,"column":8},"end":{"line":69,"column":20}},"locations":[{"start":{"line":34,"column":8},"end":{"line":69,"column":20}}]},"3":{"type":"branch","line":38,"loc":{"start":{"line":38,"column":34},"end":{"line":38,"column":61}},"locations":[{"start":{"line":38,"column":34},"end":{"line":38,"column":61}}]},"4":{"type":"branch","line":38,"loc":{"start":{"line":38,"column":44},"end":{"line":38,"column":68}},"locations":[{"start":{"line":38,"column":44},"end":{"line":38,"column":68}}]},"5":{"type":"branch","line":18,"loc":{"start":{"line":18,"column":24},"end":{"line":20,"column":4}},"locations":[{"start":{"line":18,"column":24},"end":{"line":20,"column":4}}]},"6":{"type":"branch","line":44,"loc":{"start":{"line":44,"column":26},"end":{"line":46,"column":18}},"locations":[{"start":{"line":44,"column":26},"end":{"line":46,"column":18}}]},"7":{"type":"branch","line":54,"loc":{"start":{"line":54,"column":21},"end":{"line":56,"column":14}},"locations":[{"start":{"line":54,"column":21},"end":{"line":56,"column":14}}]}},"b":{"0":[46],"1":[1],"2":[45],"3":[16],"4":[29],"5":[1],"6":[2],"7":[1]},"fnMap":{"0":{"name":"ToDoItem","decl":{"start":{"line":9,"column":36},"end":{"line":73,"column":2}},"loc":{"start":{"line":9,"column":36},"end":{"line":73,"column":2}},"line":9},"1":{"name":"handleEditing","decl":{"start":{"line":18,"column":24},"end":{"line":20,"column":4}},"loc":{"start":{"line":18,"column":24},"end":{"line":20,"column":4}},"line":18},"2":{"name":"onClickIconSave","decl":{"start":{"line":27,"column":27},"end":{"line":30,"column":12}},"loc":{"start":{"line":27,"column":27},"end":{"line":30,"column":12}},"line":27},"3":{"name":"onClickCancel","decl":{"start":{"line":31,"column":25},"end":{"line":33,"column":12}},"loc":{"start":{"line":31,"column":25},"end":{"line":33,"column":12}},"line":31},"4":{"name":"onChange","decl":{"start":{"line":44,"column":26},"end":{"line":46,"column":18}},"loc":{"start":{"line":44,"column":26},"end":{"line":46,"column":18}},"line":44},"5":{"name":"onClick","decl":{"start":{"line":54,"column":21},"end":{"line":56,"column":14}},"loc":{"start":{"line":54,"column":21},"end":{"line":56,"column":14}},"line":54}},"f":{"0":46,"1":1,"2":0,"3":0,"4":2,"5":1}}
,"D:\\js\\ToDo_with_filters\\src\\components\\ToDoList.tsx": {"path":"D:\\js\\ToDo_with_filters\\src\\components\\ToDoList.tsx","all":false,"statementMap":{"0":{"start":{"line":1,"column":0},"end":{"line":1,"column":59}},"1":{"start":{"line":2,"column":0},"end":{"line":2,"column":67}},"2":{"start":{"line":3,"column":0},"end":{"line":3,"column":8}},"11":{"start":{"line":12,"column":0},"end":{"line":12,"column":37}},"12":{"start":{"line":13,"column":0},"end":{"line":13,"column":38}},"14":{"start":{"line":15,"column":0},"end":{"line":15,"column":59}},"15":{"start":{"line":16,"column":0},"end":{"line":16,"column":49}},"16":{"start":{"line":17,"column":0},"end":{"line":17,"column":44}},"17":{"start":{"line":18,"column":0},"end":{"line":18,"column":48}},"18":{"start":{"line":19,"column":0},"end":{"line":19,"column":36}},"20":{"start":{"line":21,"column":0},"end":{"line":21,"column":41}},"21":{"start":{"line":22,"column":0},"end":{"line":22,"column":29}},"22":{"start":{"line":23,"column":0},"end":{"line":23,"column":4}},"24":{"start":{"line":25,"column":0},"end":{"line":25,"column":58}},"25":{"start":{"line":26,"column":0},"end":{"line":26,"column":45}},"26":{"start":{"line":27,"column":0},"end":{"line":27,"column":4}},"28":{"start":{"line":29,"column":0},"end":{"line":29,"column":35}},"29":{"start":{"line":30,"column":0},"end":{"line":30,"column":25}},"30":{"start":{"line":31,"column":0},"end":{"line":31,"column":21}},"31":{"start":{"line":32,"column":0},"end":{"line":32,"column":19}},"32":{"start":{"line":33,"column":0},"end":{"line":33,"column":22}},"33":{"start":{"line":34,"column":0},"end":{"line":34,"column":22}},"34":{"start":{"line":35,"column":0},"end":{"line":35,"column":29}},"35":{"start":{"line":36,"column":0},"end":{"line":36,"column":25}},"36":{"start":{"line":37,"column":0},"end":{"line":37,"column":28}},"37":{"start":{"line":38,"column":0},"end":{"line":38,"column":7}},"38":{"start":{"line":39,"column":0},"end":{"line":39,"column":6}},"39":{"start":{"line":40,"column":0},"end":{"line":40,"column":11}},"40":{"start":{"line":41,"column":0},"end":{"line":41,"column":4}},"42":{"start":{"line":43,"column":0},"end":{"line":43,"column":36}},"43":{"start":{"line":44,"column":0},"end":{"line":44,"column":9}},"44":{"start":{"line":45,"column":0},"end":{"line":45,"column":19}},"45":{"start":{"line":46,"column":0},"end":{"line":46,"column":17}},"46":{"start":{"line":47,"column":0},"end":{"line":47,"column":67}},"47":{"start":{"line":48,"column":0},"end":{"line":48,"column":29}},"48":{"start":{"line":49,"column":0},"end":{"line":49,"column":8}},"49":{"start":{"line":50,"column":0},"end":{"line":50,"column":34}},"50":{"start":{"line":51,"column":0},"end":{"line":51,"column":4}},"52":{"start":{"line":53,"column":0},"end":{"line":53,"column":10}},"53":{"start":{"line":54,"column":0},"end":{"line":54,"column":54}},"54":{"start":{"line":55,"column":0},"end":{"line":55,"column":16}},"55":{"start":{"line":56,"column":0},"end":{"line":56,"column":38}},"56":{"start":{"line":57,"column":0},"end":{"line":57,"column":17}},"57":{"start":{"line":58,"column":0},"end":{"line":58,"column":21}},"58":{"start":{"line":59,"column":0},"end":{"line":59,"column":23}},"59":{"start":{"line":60,"column":0},"end":{"line":60,"column":32}},"60":{"start":{"line":61,"column":0},"end":{"line":61,"column":42}},"61":{"start":{"line":62,"column":0},"end":{"line":62,"column":12}},"62":{"start":{"line":63,"column":0},"end":{"line":63,"column":44}},"63":{"start":{"line":64,"column":0},"end":{"line":64,"column":30}},"64":{"start":{"line":65,"column":0},"end":{"line":65,"column":37}},"65":{"start":{"line":66,"column":0},"end":{"line":66,"column":10}},"66":{"start":{"line":67,"column":0},"end":{"line":67,"column":9}},"67":{"start":{"line":68,"column":0},"end":{"line":68,"column":11}},"69":{"start":{"line":70,"column":0},"end":{"line":70,"column":2}},"71":{"start":{"line":72,"column":0},"end":{"line":72,"column":24}}},"s":{"0":1,"1":1,"2":1,"11":1,"12":1,"14":1,"15":19,"16":19,"17":19,"18":19,"20":19,"21":2,"22":2,"24":19,"25":0,"26":0,"28":19,"29":19,"30":47,"31":47,"32":41,"33":47,"34":4,"35":47,"36":2,"37":47,"38":47,"39":19,"40":19,"42":19,"43":19,"44":19,"45":19,"46":52,"47":47,"48":19,"49":19,"50":19,"52":19,"53":19,"54":19,"55":19,"56":44,"57":44,"58":44,"59":44,"60":1,"61":1,"62":44,"63":44,"64":44,"65":44,"66":19,"67":19,"69":19,"71":1},"branchMap":{"0":{"type":"branch","line":15,"loc":{"start":{"line":15,"column":40},"end":{"line":70,"column":2}},"locations":[{"start":{"line":15,"column":40},"end":{"line":70,"column":2}}]},"1":{"type":"branch","line":21,"loc":{"start":{"line":21,"column":23},"end":{"line":23,"column":4}},"locations":[{"start":{"line":21,"column":23},"end":{"line":23,"column":4}}]},"2":{"type":"branch","line":30,"loc":{"start":{"line":30,"column":4},"end":{"line":39,"column":6}},"locations":[{"start":{"line":30,"column":4},"end":{"line":39,"column":6}}]},"3":{"type":"branch","line":32,"loc":{"start":{"line":32,"column":8},"end":{"line":33,"column":22}},"locations":[{"start":{"line":32,"column":8},"end":{"line":33,"column":22}}]},"4":{"type":"branch","line":34,"loc":{"start":{"line":34,"column":8},"end":{"line":35,"column":29}},"locations":[{"start":{"line":34,"column":8},"end":{"line":35,"column":29}}]},"5":{"type":"branch","line":36,"loc":{"start":{"line":36,"column":8},"end":{"line":37,"column":28}},"locations":[{"start":{"line":36,"column":8},"end":{"line":37,"column":28}}]},"6":{"type":"branch","line":44,"loc":{"start":{"line":44,"column":4},"end":{"line":49,"column":8}},"locations":[{"start":{"line":44,"column":4},"end":{"line":49,"column":8}}]},"7":{"type":"branch","line":46,"loc":{"start":{"line":46,"column":8},"end":{"line":48,"column":29}},"locations":[{"start":{"line":46,"column":8},"end":{"line":48,"column":29}}]},"8":{"type":"branch","line":47,"loc":{"start":{"line":47,"column":63},"end":{"line":48,"column":29}},"locations":[{"start":{"line":47,"column":63},"end":{"line":48,"column":29}}]},"9":{"type":"branch","line":56,"loc":{"start":{"line":56,"column":27},"end":{"line":66,"column":10}},"locations":[{"start":{"line":56,"column":27},"end":{"line":66,"column":10}}]},"10":{"type":"branch","line":60,"loc":{"start":{"line":60,"column":25},"end":{"line":62,"column":12}},"locations":[{"start":{"line":60,"column":25},"end":{"line":62,"column":12}}]}},"b":{"0":[19],"1":[2],"2":[47],"3":[41],"4":[4],"5":[2],"6":[19],"7":[52],"8":[47],"9":[44],"10":[1]},"fnMap":{"0":{"name":"ToDoList","decl":{"start":{"line":15,"column":40},"end":{"line":70,"column":2}},"loc":{"start":{"line":15,"column":40},"end":{"line":70,"column":2}},"line":15},"1":{"name":"handleChange","decl":{"start":{"line":21,"column":23},"end":{"line":23,"column":4}},"loc":{"start":{"line":21,"column":23},"end":{"line":23,"column":4}},"line":21},"2":{"name":"handleUpdateText","decl":{"start":{"line":25,"column":27},"end":{"line":27,"column":4}},"loc":{"start":{"line":25,"column":27},"end":{"line":27,"column":4}},"line":25},"3":{"name":"onClickDelete","decl":{"start":{"line":60,"column":25},"end":{"line":62,"column":12}},"loc":{"start":{"line":60,"column":25},"end":{"line":62,"column":12}},"line":60}},"f":{"0":19,"1":2,"2":0,"3":1}}
,"D:\\js\\ToDo_with_filters\\src\\store\\hooks.ts": {"path":"D:\\js\\ToDo_with_filters\\src\\store\\hooks.ts","all":false,"statementMap":{"0":{"start":{"line":1,"column":0},"end":{"line":1,"column":55}},"3":{"start":{"line":4,"column":0},"end":{"line":4,"column":67}},"4":{"start":{"line":5,"column":0},"end":{"line":5,"column":65}}},"s":{"0":1,"3":1,"4":1},"branchMap":{},"b":{},"fnMap":{},"f":{}}
,"D:\\js\\ToDo_with_filters\\src\\store\\store.ts": {"path":"D:\\js\\ToDo_with_filters\\src\\store\\store.ts","all":false,"statementMap":{"0":{"start":{"line":1,"column":0},"end":{"line":1,"column":50}},"1":{"start":{"line":2,"column":0},"end":{"line":2,"column":31}},"3":{"start":{"line":4,"column":0},"end":{"line":4,"column":37}},"4":{"start":{"line":5,"column":0},"end":{"line":5,"column":12}},"5":{"start":{"line":6,"column":0},"end":{"line":6,"column":9}},"6":{"start":{"line":7,"column":0},"end":{"line":7,"column":4}},"7":{"start":{"line":8,"column":0},"end":{"line":8,"column":3}}},"s":{"0":1,"1":1,"3":1,"4":1,"5":1,"6":1,"7":1},"branchMap":{},"b":{},"fnMap":{},"f":{}}
,"D:\\js\\ToDo_with_filters\\src\\store\\toDoSlice.ts": {"path":"D:\\js\\ToDo_with_filters\\src\\store\\toDoSlice.ts","all":false,"statementMap":{"0":{"start":{"line":1,"column":0},"end":{"line":1,"column":62}},"12":{"start":{"line":13,"column":0},"end":{"line":13,"column":33}},"13":{"start":{"line":14,"column":0},"end":{"line":14,"column":15}},"14":{"start":{"line":15,"column":0},"end":{"line":15,"column":13}},"15":{"start":{"line":16,"column":0},"end":{"line":16,"column":14}},"16":{"start":{"line":17,"column":0},"end":{"line":17,"column":2}},"18":{"start":{"line":19,"column":0},"end":{"line":19,"column":38}},"19":{"start":{"line":20,"column":0},"end":{"line":20,"column":15}},"20":{"start":{"line":21,"column":0},"end":{"line":21,"column":15}},"21":{"start":{"line":22,"column":0},"end":{"line":22,"column":13}},"22":{"start":{"line":23,"column":0},"end":{"line":23,"column":58}},"23":{"start":{"line":24,"column":0},"end":{"line":24,"column":42}},"24":{"start":{"line":25,"column":0},"end":{"line":25,"column":6}},"25":{"start":{"line":26,"column":0},"end":{"line":26,"column":59}},"26":{"start":{"line":27,"column":0},"end":{"line":27,"column":56}},"27":{"start":{"line":28,"column":0},"end":{"line":28,"column":42}},"28":{"start":{"line":29,"column":0},"end":{"line":29,"column":9}},"29":{"start":{"line":30,"column":0},"end":{"line":30,"column":6}},"30":{"start":{"line":31,"column":0},"end":{"line":31,"column":62}},"31":{"start":{"line":32,"column":0},"end":{"line":32,"column":53}},"32":{"start":{"line":33,"column":0},"end":{"line":33,"column":44}},"33":{"start":{"line":34,"column":0},"end":{"line":34,"column":45}},"34":{"start":{"line":35,"column":0},"end":{"line":35,"column":9}},"35":{"start":{"line":36,"column":0},"end":{"line":36,"column":20}},"36":{"start":{"line":37,"column":0},"end":{"line":37,"column":9}},"37":{"start":{"line":38,"column":0},"end":{"line":38,"column":6}},"38":{"start":{"line":39,"column":0},"end":{"line":39,"column":23}},"39":{"start":{"line":40,"column":0},"end":{"line":40,"column":12}},"40":{"start":{"line":41,"column":0},"end":{"line":41,"column":58}},"41":{"start":{"line":42,"column":0},"end":{"line":42,"column":10}},"42":{"start":{"line":43,"column":0},"end":{"line":43,"column":53}},"43":{"start":{"line":44,"column":0},"end":{"line":44,"column":44}},"44":{"start":{"line":45,"column":0},"end":{"line":45,"column":42}},"45":{"start":{"line":46,"column":0},"end":{"line":46,"column":9}},"46":{"start":{"line":47,"column":0},"end":{"line":47,"column":20}},"47":{"start":{"line":48,"column":0},"end":{"line":48,"column":9}},"48":{"start":{"line":49,"column":0},"end":{"line":49,"column":6}},"49":{"start":{"line":50,"column":0},"end":{"line":50,"column":58}},"50":{"start":{"line":51,"column":0},"end":{"line":51,"column":36}},"51":{"start":{"line":52,"column":0},"end":{"line":52,"column":6}},"52":{"start":{"line":53,"column":0},"end":{"line":53,"column":60}},"53":{"start":{"line":54,"column":0},"end":{"line":54,"column":34}},"54":{"start":{"line":55,"column":0},"end":{"line":55,"column":6}},"55":{"start":{"line":56,"column":0},"end":{"line":56,"column":4}},"56":{"start":{"line":57,"column":0},"end":{"line":57,"column":3}},"58":{"start":{"line":59,"column":0},"end":{"line":59,"column":14}},"59":{"start":{"line":60,"column":0},"end":{"line":60,"column":10}},"60":{"start":{"line":61,"column":0},"end":{"line":61,"column":13}},"61":{"start":{"line":62,"column":0},"end":{"line":62,"column":14}},"62":{"start":{"line":63,"column":0},"end":{"line":63,"column":19}},"63":{"start":{"line":64,"column":0},"end":{"line":64,"column":12}},"64":{"start":{"line":65,"column":0},"end":{"line":65,"column":10}},"65":{"start":{"line":66,"column":0},"end":{"line":66,"column":22}},"67":{"start":{"line":68,"column":0},"end":{"line":68,"column":74}},"68":{"start":{"line":69,"column":0},"end":{"line":69,"column":70}},"69":{"start":{"line":70,"column":0},"end":{"line":70,"column":66}},"71":{"start":{"line":72,"column":0},"end":{"line":72,"column":33}}},"s":{"0":1,"12":1,"13":1,"14":1,"15":1,"16":1,"18":1,"19":1,"20":1,"21":1,"22":1,"23":7,"24":7,"25":1,"26":1,"27":1,"28":1,"29":1,"30":1,"31":2,"32":6,"33":2,"34":2,"35":6,"36":2,"37":2,"38":1,"39":0,"40":0,"41":0,"42":0,"43":0,"44":0,"45":0,"46":0,"47":0,"48":0,"49":1,"50":1,"51":1,"52":1,"53":4,"54":4,"55":1,"56":1,"58":1,"59":1,"60":1,"61":1,"62":1,"63":1,"64":1,"65":1,"67":1,"68":1,"69":1,"71":1},"branchMap":{"0":{"type":"branch","line":23,"loc":{"start":{"line":23,"column":13},"end":{"line":25,"column":6}},"locations":[{"start":{"line":23,"column":13},"end":{"line":25,"column":6}}]},"1":{"type":"branch","line":26,"loc":{"start":{"line":26,"column":16},"end":{"line":30,"column":6}},"locations":[{"start":{"line":26,"column":16},"end":{"line":30,"column":6}}]},"2":{"type":"branch","line":27,"loc":{"start":{"line":27,"column":45},"end":{"line":29,"column":7}},"locations":[{"start":{"line":27,"column":45},"end":{"line":29,"column":7}}]},"3":{"type":"branch","line":31,"loc":{"start":{"line":31,"column":17},"end":{"line":38,"column":6}},"locations":[{"start":{"line":31,"column":17},"end":{"line":38,"column":6}}]},"4":{"type":"branch","line":32,"loc":{"start":{"line":32,"column":42},"end":{"line":37,"column":7}},"locations":[{"start":{"line":32,"column":42},"end":{"line":37,"column":7}}]},"5":{"type":"branch","line":33,"loc":{"start":{"line":33,"column":43},"end":{"line":35,"column":9}},"locations":[{"start":{"line":33,"column":43},"end":{"line":35,"column":9}}]},"6":{"type":"branch","line":50,"loc":{"start":{"line":50,"column":15},"end":{"line":52,"column":6}},"locations":[{"start":{"line":50,"column":15},"end":{"line":52,"column":6}}]},"7":{"type":"branch","line":53,"loc":{"start":{"line":53,"column":13},"end":{"line":55,"column":6}},"locations":[{"start":{"line":53,"column":13},"end":{"line":55,"column":6}}]},"8":{"type":"branch","line":68,"loc":{"start":{"line":68,"column":32},"end":{"line":68,"column":74}},"locations":[{"start":{"line":68,"column":32},"end":{"line":68,"column":74}}]},"9":{"type":"branch","line":69,"loc":{"start":{"line":69,"column":30},"end":{"line":69,"column":70}},"locations":[{"start":{"line":69,"column":30},"end":{"line":69,"column":70}}]},"10":{"type":"branch","line":70,"loc":{"start":{"line":70,"column":28},"end":{"line":70,"column":66}},"locations":[{"start":{"line":70,"column":28},"end":{"line":70,"column":66}}]}},"b":{"0":[7],"1":[1],"2":[1],"3":[2],"4":[6],"5":[2],"6":[1],"7":[4],"8":[40],"9":[23],"10":[46]},"fnMap":{"0":{"name":"addToDo","decl":{"start":{"line":23,"column":13},"end":{"line":25,"column":6}},"loc":{"start":{"line":23,"column":13},"end":{"line":25,"column":6}},"line":23},"1":{"name":"deleteToDo","decl":{"start":{"line":26,"column":16},"end":{"line":30,"column":6}},"loc":{"start":{"line":26,"column":16},"end":{"line":30,"column":6}},"line":26},"2":{"name":"handleCheck","decl":{"start":{"line":31,"column":17},"end":{"line":38,"column":6}},"loc":{"start":{"line":31,"column":17},"end":{"line":38,"column":6}},"line":31},"3":{"name":"handleChangeText","decl":{"start":{"line":39,"column":22},"end":{"line":49,"column":6}},"loc":{"start":{"line":39,"column":22},"end":{"line":49,"column":6}},"line":39},"4":{"name":"setFilter","decl":{"start":{"line":50,"column":15},"end":{"line":52,"column":6}},"loc":{"start":{"line":50,"column":15},"end":{"line":52,"column":6}},"line":50},"5":{"name":"setType","decl":{"start":{"line":53,"column":13},"end":{"line":55,"column":6}},"loc":{"start":{"line":53,"column":13},"end":{"line":55,"column":6}},"line":53},"6":{"name":"toDoListSelector","decl":{"start":{"line":68,"column":32},"end":{"line":68,"column":74}},"loc":{"start":{"line":68,"column":32},"end":{"line":68,"column":74}},"line":68},"7":{"name":"filterSelector","decl":{"start":{"line":69,"column":30},"end":{"line":69,"column":70}},"loc":{"start":{"line":69,"column":30},"end":{"line":69,"column":70}},"line":69},"8":{"name":"typeSelector","decl":{"start":{"line":70,"column":28},"end":{"line":70,"column":66}},"loc":{"start":{"line":70,"column":28},"end":{"line":70,"column":66}},"line":70}},"f":{"0":7,"1":1,"2":2,"3":0,"4":1,"5":4,"6":40,"7":23,"8":46}}
,"D:\\js\\ToDo_with_filters\\src\\store\\selectors\\activeTasksSelector.ts": {"path":"D:\\js\\ToDo_with_filters\\src\\store\\selectors\\activeTasksSelector.ts","all":false,"statementMap":{"0":{"start":{"line":1,"column":0},"end":{"line":1,"column":50}},"1":{"start":{"line":2,"column":0},"end":{"line":2,"column":51}},"3":{"start":{"line":4,"column":0},"end":{"line":4,"column":78}},"4":{"start":{"line":5,"column":0},"end":{"line":5,"column":38}},"5":{"start":{"line":6,"column":0},"end":{"line":6,"column":2}}},"s":{"0":1,"1":1,"3":1,"4":11,"5":1},"branchMap":{"0":{"type":"branch","line":4,"loc":{"start":{"line":4,"column":68},"end":{"line":5,"column":38}},"locations":[{"start":{"line":4,"column":68},"end":{"line":5,"column":38}}]},"1":{"type":"branch","line":5,"loc":{"start":{"line":5,"column":15},"end":{"line":5,"column":36}},"locations":[{"start":{"line":5,"column":15},"end":{"line":5,"column":36}}]}},"b":{"0":[11],"1":[28]},"fnMap":{},"f":{}}
,"D:\\js\\ToDo_with_filters\\src\\utils\\debouce.ts": {"path":"D:\\js\\ToDo_with_filters\\src\\utils\\debouce.ts","all":false,"statementMap":{"2":{"start":{"line":3,"column":0},"end":{"line":3,"column":70}},"3":{"start":{"line":4,"column":0},"end":{"line":4,"column":14}},"4":{"start":{"line":5,"column":0},"end":{"line":5,"column":24}},"5":{"start":{"line":6,"column":0},"end":{"line":6,"column":42}},"6":{"start":{"line":7,"column":0},"end":{"line":7,"column":43}},"8":{"start":{"line":9,"column":0},"end":{"line":9,"column":38}},"9":{"start":{"line":10,"column":0},"end":{"line":10,"column":24}},"10":{"start":{"line":11,"column":0},"end":{"line":11,"column":30}},"11":{"start":{"line":12,"column":0},"end":{"line":12,"column":24}},"12":{"start":{"line":13,"column":0},"end":{"line":13,"column":16}},"13":{"start":{"line":14,"column":0},"end":{"line":14,"column":4}},"14":{"start":{"line":15,"column":0},"end":{"line":15,"column":2}}},"s":{"2":1,"3":18,"4":18,"5":18,"6":18,"8":18,"9":10,"10":10,"11":1,"12":10,"13":10,"14":18},"branchMap":{"0":{"type":"branch","line":3,"loc":{"start":{"line":3,"column":24},"end":{"line":15,"column":2}},"locations":[{"start":{"line":3,"column":24},"end":{"line":15,"column":2}}]},"1":{"type":"branch","line":9,"loc":{"start":{"line":9,"column":9},"end":{"line":14,"column":4}},"locations":[{"start":{"line":9,"column":9},"end":{"line":14,"column":4}}]},"2":{"type":"branch","line":11,"loc":{"start":{"line":11,"column":23},"end":{"line":13,"column":7}},"locations":[{"start":{"line":11,"column":23},"end":{"line":13,"column":7}}]}},"b":{"0":[18],"1":[10],"2":[1]},"fnMap":{"0":{"name":"debounce","decl":{"start":{"line":3,"column":24},"end":{"line":15,"column":2}},"loc":{"start":{"line":3,"column":24},"end":{"line":15,"column":2}},"line":3}},"f":{"0":18}}
}
